07.12.2021 17:29:13.212 INFO   c.v.r.c.Main - Application started
07.12.2021 17:29:14.658 INFO   c.v.r.c.G.ChineseCheckersGame - Board initialized
07.12.2021 17:29:14.658 INFO   c.v.r.c.G.ChineseCheckersGame - Game started.
07.12.2021 17:29:14.658 INFO   c.v.r.c.G.ChineseCheckersGame - Game initialized.
07.12.2021 17:29:51.923 INFO   c.v.r.c.s.GameSerialization - File D:\Program Files\java files\chinesecheckers_att2\saves\testsave.json.json saved
07.12.2021 17:29:52.014 INFO   c.v.r.c.F.ApplicationFrame - Game saved: testsave.json
07.12.2021 17:29:57.927 INFO   c.v.r.c.G.ChineseCheckersGame - 1 player's checker 37 successfully moved at position 98
07.12.2021 17:29:59.343 INFO   c.v.r.c.G.ChineseCheckersGame - 0 player's checker 8 successfully moved at position 67
07.12.2021 17:30:00.129 INFO   c.v.r.c.G.ChineseCheckersGame - Move is not possible. 7 is not current player's checker
07.12.2021 17:30:01.357 INFO   c.v.r.c.G.ChineseCheckersGame - 1 player's checker 98 successfully moved at position 94
07.12.2021 17:30:21.851 INFO   c.v.r.c.Main - Application closed
07.12.2021 17:30:47.477 INFO   c.v.r.c.Main - Application started
07.12.2021 17:30:48.506 INFO   c.v.r.c.G.ChineseCheckersGame - Board initialized
07.12.2021 17:30:48.507 INFO   c.v.r.c.G.ChineseCheckersGame - Game started.
07.12.2021 17:30:48.507 INFO   c.v.r.c.G.ChineseCheckersGame - Game initialized.
07.12.2021 17:30:54.857 INFO   c.v.r.c.G.ChineseCheckersGame - Move is not possible. 7 is not current player's checker
07.12.2021 17:30:55.993 INFO   c.v.r.c.G.ChineseCheckersGame - 1 player's checker 37 successfully moved at position 98
07.12.2021 17:30:57.049 INFO   c.v.r.c.G.ChineseCheckersGame - 0 player's checker 8 successfully moved at position 68
07.12.2021 17:30:58.223 INFO   c.v.r.c.G.ChineseCheckersGame - 1 player's checker 36 successfully moved at position 99
07.12.2021 17:30:59.112 INFO   c.v.r.c.G.ChineseCheckersGame - 0 player's checker 9 successfully moved at position 66
07.12.2021 17:31:05.443 INFO   c.v.r.c.s.GameSerialization - File D:\Program Files\java files\chinesecheckers_att2\saves\test2.json saved
07.12.2021 17:31:05.531 INFO   c.v.r.c.F.ApplicationFrame - Game saved: test2
07.12.2021 17:31:08.101 INFO   c.v.r.c.Main - Application closed
07.12.2021 17:31:48.737 INFO   c.v.r.c.Main - Application started
07.12.2021 17:31:49.587 INFO   c.v.r.c.G.ChineseCheckersGame - Board initialized
07.12.2021 17:31:49.588 INFO   c.v.r.c.G.ChineseCheckersGame - Game started.
07.12.2021 17:31:49.588 INFO   c.v.r.c.G.ChineseCheckersGame - Game initialized.
07.12.2021 17:31:55.239 ERROR  c.v.r.c.F.ApplicationFrame - Cannot read file: ..\saves\test2.json (Системе не удается найти указанный путь)
07.12.2021 17:31:57.644 INFO   c.v.r.c.Main - Application closed
07.12.2021 17:35:01.016 INFO   c.v.r.c.Main - Application started
07.12.2021 17:35:02.200 INFO   c.v.r.c.G.ChineseCheckersGame - Board initialized
07.12.2021 17:35:02.201 INFO   c.v.r.c.G.ChineseCheckersGame - Game started.
07.12.2021 17:35:02.201 INFO   c.v.r.c.G.ChineseCheckersGame - Game initialized.
07.12.2021 17:35:08.673 ERROR  c.v.r.c.F.ApplicationFrame - Cannot read file: ..\saves\test2.json (Системе не удается найти указанный путь)
07.12.2021 17:35:22.205 INFO   c.v.r.c.Main - Application closed
07.12.2021 17:38:09.841 INFO   c.v.r.c.Main - Application started
07.12.2021 17:38:10.697 INFO   c.v.r.c.G.ChineseCheckersGame - Board initialized
07.12.2021 17:38:10.697 INFO   c.v.r.c.G.ChineseCheckersGame - Game started.
07.12.2021 17:38:10.697 INFO   c.v.r.c.G.ChineseCheckersGame - Game initialized.
07.12.2021 17:38:15.626 ERROR  c.v.r.c.F.ApplicationFrame - Cannot read file: D:\Program Files\java files\chinesecheckers_att2\savestest2.json (Не удается найти указанный файл)
07.12.2021 17:39:47.246 INFO   c.v.r.c.Main - Application started
07.12.2021 17:39:48.301 INFO   c.v.r.c.G.ChineseCheckersGame - Board initialized
07.12.2021 17:39:48.302 INFO   c.v.r.c.G.ChineseCheckersGame - Game started.
07.12.2021 17:39:48.303 INFO   c.v.r.c.G.ChineseCheckersGame - Game initialized.
07.12.2021 17:39:55.311 ERROR  c.v.r.c.F.ApplicationFrame - Cannot read file: ..\saves\test2.json (Системе не удается найти указанный путь)
07.12.2021 17:40:56.638 INFO   c.v.r.c.Main - Application started
07.12.2021 17:40:57.604 INFO   c.v.r.c.G.ChineseCheckersGame - Board initialized
07.12.2021 17:40:57.605 INFO   c.v.r.c.G.ChineseCheckersGame - Game started.
07.12.2021 17:40:57.605 INFO   c.v.r.c.G.ChineseCheckersGame - Game initialized.
07.12.2021 17:41:06.320 ERROR  c.v.r.c.F.ApplicationFrame - Cannot read file: Cannot construct instance of `cs.vsu.ru.chinese_checkers.Pieces.Board` (no Creators, like default constructor, exist): cannot deserialize from Object value (no delegate- or property-based Creator)
 at [Source: (File); line: 1, column: 50] (through reference chain: cs.vsu.ru.chinese_checkers.serialization.GameSerialization["board"])
07.12.2021 17:41:43.814 INFO   c.v.r.c.Main - Application closed
07.12.2021 18:36:49.185 INFO   c.v.r.c.Main - Application started
07.12.2021 18:36:50.012 INFO   c.v.r.c.G.ChineseCheckersGame - Board initialized
07.12.2021 18:36:50.013 INFO   c.v.r.c.G.ChineseCheckersGame - Game started.
07.12.2021 18:36:50.013 INFO   c.v.r.c.G.ChineseCheckersGame - Game initialized.
07.12.2021 18:36:56.990 ERROR  c.v.r.c.F.ApplicationFrame - Cannot read file: Cannot construct instance of `cs.vsu.ru.chinese_checkers.Pieces.Board` (no Creators, like default constructor, exist): cannot deserialize from Object value (no delegate- or property-based Creator)
 at [Source: (File); line: 1, column: 50] (through reference chain: cs.vsu.ru.chinese_checkers.serialization.GameSerialization["board"])
07.12.2021 18:36:59.313 INFO   c.v.r.c.Main - Application closed
07.12.2021 18:38:26.565 INFO   c.v.r.c.Main - Application started
07.12.2021 18:38:27.563 INFO   c.v.r.c.G.ChineseCheckersGame - Board initialized
07.12.2021 18:38:27.563 INFO   c.v.r.c.G.ChineseCheckersGame - Game started.
07.12.2021 18:38:27.563 INFO   c.v.r.c.G.ChineseCheckersGame - Game initialized.
07.12.2021 18:38:33.085 ERROR  c.v.r.c.F.ApplicationFrame - Cannot read file: Cannot construct instance of `cs.vsu.ru.chinese_checkers.Pieces.Board` (no Creators, like default constructor, exist): cannot deserialize from Object value (no delegate- or property-based Creator)
 at [Source: (File); line: 1, column: 50] (through reference chain: cs.vsu.ru.chinese_checkers.serialization.GameSerialization["board"])
07.12.2021 18:41:30.704 INFO   c.v.r.c.Main - Application started
07.12.2021 18:41:31.665 INFO   c.v.r.c.G.ChineseCheckersGame - Board initialized
07.12.2021 18:41:31.666 INFO   c.v.r.c.G.ChineseCheckersGame - Game started.
07.12.2021 18:41:31.666 INFO   c.v.r.c.G.ChineseCheckersGame - Game initialized.
07.12.2021 18:41:37.162 ERROR  c.v.r.c.F.ApplicationFrame - Cannot read file: Unrecognized field "boardGraph" (class cs.vsu.ru.chinese_checkers.Pieces.Board), not marked as ignorable (0 known properties: ])
 at [Source: (File); line: 1, column: 64] (through reference chain: cs.vsu.ru.chinese_checkers.serialization.GameSerialization["board"]->cs.vsu.ru.chinese_checkers.Pieces.Board["boardGraph"])
07.12.2021 18:52:20.641 INFO   c.v.r.c.Main - Application started
07.12.2021 18:52:21.613 INFO   c.v.r.c.G.ChineseCheckersGame - Board initialized
07.12.2021 18:52:21.614 INFO   c.v.r.c.G.ChineseCheckersGame - Game started.
07.12.2021 18:52:21.614 INFO   c.v.r.c.G.ChineseCheckersGame - Game initialized.
07.12.2021 18:52:27.117 ERROR  c.v.r.c.F.ApplicationFrame - Cannot read file: Unrecognized field "vertices" (class cs.vsu.ru.chinese_checkers.GraphUtils.Graph), not marked as ignorable (one known property: "adjMatrix"])
 at [Source: (File); line: 1, column: 91] (through reference chain: cs.vsu.ru.chinese_checkers.serialization.GameSerialization["board"]->cs.vsu.ru.chinese_checkers.Pieces.Board["boardGraph"]->cs.vsu.ru.chinese_checkers.GraphUtils.Graph["vertices"])
07.12.2021 18:54:18.098 INFO   c.v.r.c.Main - Application started
07.12.2021 18:54:18.899 INFO   c.v.r.c.G.ChineseCheckersGame - Board initialized
07.12.2021 18:54:18.900 INFO   c.v.r.c.G.ChineseCheckersGame - Game started.
07.12.2021 18:54:18.900 INFO   c.v.r.c.G.ChineseCheckersGame - Game initialized.
07.12.2021 18:54:24.047 ERROR  c.v.r.c.F.ApplicationFrame - Cannot read file: Cannot construct instance of `cs.vsu.ru.chinese_checkers.GraphUtils.GraphVertex` (although at least one Creator exists): cannot deserialize from Object value (no delegate- or property-based Creator)
 at [Source: (File); line: 1, column: 92] (through reference chain: cs.vsu.ru.chinese_checkers.serialization.GameSerialization["board"]->cs.vsu.ru.chinese_checkers.Pieces.Board["boardGraph"]->cs.vsu.ru.chinese_checkers.GraphUtils.Graph["vertices"]->java.util.ArrayList[0])
07.12.2021 18:55:37.640 INFO   c.v.r.c.Main - Application started
07.12.2021 18:55:38.498 INFO   c.v.r.c.G.ChineseCheckersGame - Board initialized
07.12.2021 18:55:38.500 INFO   c.v.r.c.G.ChineseCheckersGame - Game started.
07.12.2021 18:55:38.500 INFO   c.v.r.c.G.ChineseCheckersGame - Game initialized.
07.12.2021 18:55:43.329 ERROR  c.v.r.c.F.ApplicationFrame - Cannot read file: Unrecognized field "vertexIndex" (class cs.vsu.ru.chinese_checkers.GraphUtils.GraphVertex), not marked as ignorable (one known property: "checker"])
 at [Source: (File); line: 1, column: 130] (through reference chain: cs.vsu.ru.chinese_checkers.serialization.GameSerialization["board"]->cs.vsu.ru.chinese_checkers.Pieces.Board["boardGraph"]->cs.vsu.ru.chinese_checkers.GraphUtils.Graph["vertices"]->java.util.ArrayList[0]->cs.vsu.ru.chinese_checkers.GraphUtils.GraphVertex["vertexIndex"])
07.12.2021 18:56:24.549 INFO   c.v.r.c.Main - Application started
07.12.2021 18:56:25.855 INFO   c.v.r.c.G.ChineseCheckersGame - Board initialized
07.12.2021 18:56:25.856 INFO   c.v.r.c.G.ChineseCheckersGame - Game started.
07.12.2021 18:56:25.856 INFO   c.v.r.c.G.ChineseCheckersGame - Game initialized.
07.12.2021 18:56:36.422 ERROR  c.v.r.c.F.ApplicationFrame - Cannot read file: Unrecognized field "vCount" (class cs.vsu.ru.chinese_checkers.GraphUtils.Graph), not marked as ignorable (2 known properties: "adjMatrix", "vertices"])
 at [Source: (File); line: 1, column: 4389] (through reference chain: cs.vsu.ru.chinese_checkers.serialization.GameSerialization["board"]->cs.vsu.ru.chinese_checkers.Pieces.Board["boardGraph"]->cs.vsu.ru.chinese_checkers.GraphUtils.Graph["vCount"])
07.12.2021 18:56:49.296 INFO   c.v.r.c.Main - Application closed
07.12.2021 18:56:50.643 INFO   c.v.r.c.Main - Application closed
07.12.2021 18:57:56.868 INFO   c.v.r.c.Main - Application started
07.12.2021 18:57:57.842 INFO   c.v.r.c.G.ChineseCheckersGame - Board initialized
07.12.2021 18:57:57.843 INFO   c.v.r.c.G.ChineseCheckersGame - Game started.
07.12.2021 18:57:57.843 INFO   c.v.r.c.G.ChineseCheckersGame - Game initialized.
07.12.2021 18:58:06.889 ERROR  c.v.r.c.F.ApplicationFrame - Cannot read file: Unrecognized field "vCount" (class cs.vsu.ru.chinese_checkers.GraphUtils.Graph), not marked as ignorable (2 known properties: "adjMatrix", "vertices"])
 at [Source: (File); line: 1, column: 4389] (through reference chain: cs.vsu.ru.chinese_checkers.serialization.GameSerialization["board"]->cs.vsu.ru.chinese_checkers.Pieces.Board["boardGraph"]->cs.vsu.ru.chinese_checkers.GraphUtils.Graph["vCount"])
07.12.2021 18:59:03.031 INFO   c.v.r.c.Main - Application started
07.12.2021 18:59:04.028 INFO   c.v.r.c.G.ChineseCheckersGame - Board initialized
07.12.2021 18:59:04.029 INFO   c.v.r.c.G.ChineseCheckersGame - Game started.
07.12.2021 18:59:04.030 INFO   c.v.r.c.G.ChineseCheckersGame - Game initialized.
07.12.2021 18:59:09.051 ERROR  c.v.r.c.F.ApplicationFrame - Cannot read file: Unrecognized field "vCount" (class cs.vsu.ru.chinese_checkers.GraphUtils.Graph), not marked as ignorable (2 known properties: "adjMatrix", "vertices"])
 at [Source: (File); line: 1, column: 4389] (through reference chain: cs.vsu.ru.chinese_checkers.serialization.GameSerialization["board"]->cs.vsu.ru.chinese_checkers.Pieces.Board["boardGraph"]->cs.vsu.ru.chinese_checkers.GraphUtils.Graph["vCount"])
07.12.2021 18:59:44.150 INFO   c.v.r.c.Main - Application closed
07.12.2021 19:02:10.186 INFO   c.v.r.c.Main - Application started
07.12.2021 19:02:10.981 INFO   c.v.r.c.G.ChineseCheckersGame - Board initialized
07.12.2021 19:02:10.983 INFO   c.v.r.c.G.ChineseCheckersGame - Game started.
07.12.2021 19:02:10.983 INFO   c.v.r.c.G.ChineseCheckersGame - Game initialized.
07.12.2021 19:02:18.580 ERROR  c.v.r.c.F.ApplicationFrame - Cannot read file: Unrecognized field "jumping" (class cs.vsu.ru.chinese_checkers.serialization.GameSerialization), not marked as ignorable (5 known properties: "status", "turn", "board", "players", "isJumping"])
 at [Source: (File); line: 1, column: 4438] (through reference chain: cs.vsu.ru.chinese_checkers.serialization.GameSerialization["jumping"])
07.12.2021 19:04:04.706 INFO   c.v.r.c.Main - Application started
07.12.2021 19:04:05.721 INFO   c.v.r.c.G.ChineseCheckersGame - Board initialized
07.12.2021 19:04:05.722 INFO   c.v.r.c.G.ChineseCheckersGame - Game started.
07.12.2021 19:04:05.722 INFO   c.v.r.c.G.ChineseCheckersGame - Game initialized.
07.12.2021 19:04:11.370 ERROR  c.v.r.c.F.ApplicationFrame - Cannot read file: Unrecognized field "jumping" (class cs.vsu.ru.chinese_checkers.serialization.GameSerialization), not marked as ignorable (5 known properties: "status", "turn", "board", "players", "isJumping"])
 at [Source: (File); line: 1, column: 4438] (through reference chain: cs.vsu.ru.chinese_checkers.serialization.GameSerialization["jumping"])
07.12.2021 19:07:02.565 INFO   c.v.r.c.Main - Application started
07.12.2021 19:07:03.651 INFO   c.v.r.c.G.ChineseCheckersGame - Board initialized
07.12.2021 19:07:03.651 INFO   c.v.r.c.G.ChineseCheckersGame - Game started.
07.12.2021 19:07:03.651 INFO   c.v.r.c.G.ChineseCheckersGame - Game initialized.
07.12.2021 19:07:09.155 ERROR  c.v.r.c.F.ApplicationFrame - Cannot read file: Unrecognized field "isJumping" (class cs.vsu.ru.chinese_checkers.serialization.GameSerialization), not marked as ignorable (5 known properties: "status", "jumping", "turn", "board", "players"])
 at [Source: (File); line: 538, column: 21] (through reference chain: cs.vsu.ru.chinese_checkers.serialization.GameSerialization["isJumping"])
07.12.2021 19:07:11.711 INFO   c.v.r.c.Main - Application closed
07.12.2021 19:08:33.900 INFO   c.v.r.c.Main - Application started
07.12.2021 19:08:34.703 INFO   c.v.r.c.G.ChineseCheckersGame - Board initialized
07.12.2021 19:08:34.704 INFO   c.v.r.c.G.ChineseCheckersGame - Game started.
07.12.2021 19:08:34.704 INFO   c.v.r.c.G.ChineseCheckersGame - Game initialized.
07.12.2021 19:08:40.133 ERROR  c.v.r.c.F.ApplicationFrame - Cannot read file: Unrecognized field "isJumping" (class cs.vsu.ru.chinese_checkers.serialization.GameSerialization), not marked as ignorable (5 known properties: "status", "jumping", "turn", "board", "players"])
 at [Source: (File); line: 538, column: 21] (through reference chain: cs.vsu.ru.chinese_checkers.serialization.GameSerialization["isJumping"])
07.12.2021 19:08:47.249 INFO   c.v.r.c.Main - Application closed
07.12.2021 19:08:48.392 INFO   c.v.r.c.Main - Application closed
07.12.2021 19:08:49.509 INFO   c.v.r.c.Main - Application closed
07.12.2021 19:09:36.090 INFO   c.v.r.c.Main - Application started
07.12.2021 19:09:36.970 INFO   c.v.r.c.G.ChineseCheckersGame - Board initialized
07.12.2021 19:09:36.971 INFO   c.v.r.c.G.ChineseCheckersGame - Game started.
07.12.2021 19:09:36.971 INFO   c.v.r.c.G.ChineseCheckersGame - Game initialized.
07.12.2021 19:10:01.193 INFO   c.v.r.c.Main - Application closed
07.12.2021 19:12:44.457 INFO   c.v.r.c.Main - Application started
07.12.2021 19:12:45.376 INFO   c.v.r.c.G.ChineseCheckersGame - Board initialized
07.12.2021 19:12:45.377 INFO   c.v.r.c.G.ChineseCheckersGame - Game started.
07.12.2021 19:12:45.377 INFO   c.v.r.c.G.ChineseCheckersGame - Game initialized.
07.12.2021 19:14:22.883 INFO   c.v.r.c.Main - Application started
07.12.2021 19:14:24.151 INFO   c.v.r.c.G.ChineseCheckersGame - Board initialized
07.12.2021 19:14:24.152 INFO   c.v.r.c.G.ChineseCheckersGame - Game started.
07.12.2021 19:14:24.152 INFO   c.v.r.c.G.ChineseCheckersGame - Game initialized.
07.12.2021 19:15:40.938 INFO   c.v.r.c.Main - Application started
07.12.2021 19:15:42.112 INFO   c.v.r.c.G.ChineseCheckersGame - Board initialized
07.12.2021 19:15:42.112 INFO   c.v.r.c.G.ChineseCheckersGame - Game started.
07.12.2021 19:15:42.112 INFO   c.v.r.c.G.ChineseCheckersGame - Game initialized.
07.12.2021 19:15:53.308 INFO   c.v.r.c.Main - Application closed
07.12.2021 19:15:55.026 INFO   c.v.r.c.Main - Application closed
07.12.2021 19:16:01.932 INFO   c.v.r.c.G.ChineseCheckersGame - 1 player's checker 36 successfully moved at position 99
07.12.2021 19:16:03.298 INFO   c.v.r.c.G.ChineseCheckersGame - Move from 9 to 67 is not possible.
07.12.2021 19:16:04.127 INFO   c.v.r.c.G.ChineseCheckersGame - Move from 9 to 67 is not possible.
07.12.2021 19:16:04.741 INFO   c.v.r.c.G.ChineseCheckersGame - 0 player's checker 8 successfully moved at position 67
07.12.2021 19:16:05.972 INFO   c.v.r.c.Main - Application closed
07.12.2021 19:17:19.204 INFO   c.v.r.c.Main - Application started
07.12.2021 19:17:20.037 INFO   c.v.r.c.G.ChineseCheckersGame - Board initialized
07.12.2021 19:17:20.038 INFO   c.v.r.c.G.ChineseCheckersGame - Game started.
07.12.2021 19:17:20.039 INFO   c.v.r.c.G.ChineseCheckersGame - Game initialized.
07.12.2021 19:17:40.603 INFO   c.v.r.c.G.ChineseCheckersGame - Move is not possible. 66 is not current player's checker
07.12.2021 19:17:41.952 INFO   c.v.r.c.Main - Application closed
07.12.2021 19:20:49.645 INFO   c.v.r.c.Main - Application started
07.12.2021 19:20:50.704 INFO   c.v.r.c.G.ChineseCheckersGame - Board initialized
07.12.2021 19:20:50.705 INFO   c.v.r.c.G.ChineseCheckersGame - Game started.
07.12.2021 19:20:50.705 INFO   c.v.r.c.G.ChineseCheckersGame - Game initialized.
07.12.2021 19:21:26.111 INFO   c.v.r.c.Main - Application started
07.12.2021 19:21:26.913 INFO   c.v.r.c.G.ChineseCheckersGame - Board initialized
07.12.2021 19:21:26.914 INFO   c.v.r.c.G.ChineseCheckersGame - Game started.
07.12.2021 19:21:26.914 INFO   c.v.r.c.G.ChineseCheckersGame - Game initialized.
07.12.2021 19:22:29.363 INFO   c.v.r.c.Main - Application closed
07.12.2021 19:22:33.897 INFO   c.v.r.c.Main - Application started
07.12.2021 19:22:34.902 INFO   c.v.r.c.G.ChineseCheckersGame - Board initialized
07.12.2021 19:22:34.903 INFO   c.v.r.c.G.ChineseCheckersGame - Game started.
07.12.2021 19:22:34.903 INFO   c.v.r.c.G.ChineseCheckersGame - Game initialized.
07.12.2021 19:25:27.926 INFO   c.v.r.c.Main - Application started
07.12.2021 19:25:29.006 INFO   c.v.r.c.G.ChineseCheckersGame - Board initialized
07.12.2021 19:25:29.006 INFO   c.v.r.c.G.ChineseCheckersGame - Game started.
07.12.2021 19:25:29.006 INFO   c.v.r.c.G.ChineseCheckersGame - Game initialized.
07.12.2021 19:25:45.342 INFO   c.v.r.c.Main - Application closed
07.12.2021 19:26:07.695 INFO   c.v.r.c.Main - Application closed
07.12.2021 19:27:26.298 INFO   c.v.r.c.Main - Application started
07.12.2021 19:27:27.278 INFO   c.v.r.c.G.ChineseCheckersGame - Board initialized
07.12.2021 19:27:27.279 INFO   c.v.r.c.G.ChineseCheckersGame - Game started.
07.12.2021 19:27:27.279 INFO   c.v.r.c.G.ChineseCheckersGame - Game initialized.
07.12.2021 19:32:05.685 INFO   c.v.r.c.Main - Application started
07.12.2021 19:32:06.721 INFO   c.v.r.c.G.ChineseCheckersGame - Board initialized
07.12.2021 19:32:06.722 INFO   c.v.r.c.G.ChineseCheckersGame - Game started.
07.12.2021 19:32:06.722 INFO   c.v.r.c.G.ChineseCheckersGame - Game initialized.
07.12.2021 19:34:12.453 INFO   c.v.r.c.F.ApplicationFrame - Game deserialized
07.12.2021 19:44:11.284 INFO   c.v.r.c.Main - Application closed
07.12.2021 19:56:16.138 INFO   c.v.r.c.Main - Application started
07.12.2021 19:56:16.958 INFO   c.v.r.c.G.ChineseCheckersGame - Board initialized
07.12.2021 19:56:16.959 INFO   c.v.r.c.G.ChineseCheckersGame - Game started.
07.12.2021 19:56:16.959 INFO   c.v.r.c.G.ChineseCheckersGame - Game initialized.
07.12.2021 19:56:23.696 INFO   c.v.r.c.s.GameSerialization - File D:\Program Files\java files\chinesecheckers_att2\saves\test.json saved
07.12.2021 19:56:23.796 INFO   c.v.r.c.F.ApplicationFrame - Game saved: test
07.12.2021 19:56:28.131 INFO   c.v.r.c.Main - Application closed
07.12.2021 19:59:19.628 INFO   c.v.r.c.Main - Application started
07.12.2021 19:59:20.472 INFO   c.v.r.c.G.ChineseCheckersGame - Board initialized
07.12.2021 19:59:20.473 INFO   c.v.r.c.G.ChineseCheckersGame - Game started.
07.12.2021 19:59:20.473 INFO   c.v.r.c.G.ChineseCheckersGame - Game initialized.
07.12.2021 19:59:28.412 INFO   c.v.r.c.s.GameSerialization - File D:\Program Files\java files\chinesecheckers_att2\saves\test3.json saved
07.12.2021 19:59:28.519 INFO   c.v.r.c.F.ApplicationFrame - Game saved: test3
07.12.2021 19:59:32.069 INFO   c.v.r.c.G.ChineseCheckersGame - 1 player's checker 37 successfully moved at position 98
07.12.2021 19:59:33.415 INFO   c.v.r.c.G.ChineseCheckersGame - 0 player's checker 8 successfully moved at position 68
07.12.2021 19:59:34.848 INFO   c.v.r.c.G.ChineseCheckersGame - 1 player's checker 98 successfully moved at position 95
07.12.2021 19:59:46.027 INFO   c.v.r.c.s.GameSerialization - File D:\Program Files\java files\chinesecheckers_att2\saves\test10.json saved
07.12.2021 19:59:46.037 INFO   c.v.r.c.F.ApplicationFrame - Game saved: test10
07.12.2021 20:00:19.003 INFO   c.v.r.c.G.ChineseCheckersGame - Board initialized
07.12.2021 20:00:19.004 INFO   c.v.r.c.G.ChineseCheckersGame - Game started.
07.12.2021 20:00:19.004 INFO   c.v.r.c.G.ChineseCheckersGame - Game initialized.
07.12.2021 20:00:25.173 INFO   c.v.r.c.F.ApplicationFrame - Game deserialized
07.12.2021 20:00:27.226 INFO   c.v.r.c.G.ChineseCheckersGame - Move is not possible. 95 is not current player's checker
07.12.2021 20:00:28.679 INFO   c.v.r.c.G.ChineseCheckersGame - Move is not possible. 95 is not current player's checker
07.12.2021 20:00:29.602 INFO   c.v.r.c.G.ChineseCheckersGame - Move from 68 to 65 is not possible.
07.12.2021 20:00:30.540 INFO   c.v.r.c.G.ChineseCheckersGame - Move from 68 to 65 is not possible.
07.12.2021 20:00:31.740 INFO   c.v.r.c.G.ChineseCheckersGame - Move is not possible. 95 is not current player's checker
07.12.2021 20:00:35.026 INFO   c.v.r.c.G.ChineseCheckersGame - Move is not possible. 36 is not current player's checker
07.12.2021 20:00:36.000 INFO   c.v.r.c.G.ChineseCheckersGame - Move is not possible. 38 is not current player's checker
07.12.2021 20:00:36.994 INFO   c.v.r.c.G.ChineseCheckersGame - Move from 68 to 65 is not possible.
07.12.2021 20:00:37.573 INFO   c.v.r.c.G.ChineseCheckersGame - Move from 68 to 65 is not possible.
07.12.2021 20:00:39.596 INFO   c.v.r.c.G.ChineseCheckersGame - Move is not possible. Place 79 is empty.
07.12.2021 20:00:41.870 INFO   c.v.r.c.G.ChineseCheckersGame - Move is not possible. Place 27 is empty.
07.12.2021 20:00:43.787 INFO   c.v.r.c.G.ChineseCheckersGame - Move is not possible. Place 108 is empty.
07.12.2021 20:00:45.575 INFO   c.v.r.c.G.ChineseCheckersGame - Move is not possible. Place 117 is empty.
07.12.2021 20:00:47.039 INFO   c.v.r.c.G.ChineseCheckersGame - Move is not possible. 95 is not current player's checker
07.12.2021 20:00:48.334 INFO   c.v.r.c.G.ChineseCheckersGame - Move is not possible. 36 is not current player's checker
07.12.2021 20:00:50.887 INFO   c.v.r.c.G.ChineseCheckersGame - Move is not possible. 39 is not current player's checker
07.12.2021 20:00:54.578 INFO   c.v.r.c.Main - Application closed
07.12.2021 20:07:51.968 INFO   c.v.r.c.Main - Application started
07.12.2021 20:07:52.815 INFO   c.v.r.c.G.ChineseCheckersGame - Board initialized
07.12.2021 20:07:52.816 INFO   c.v.r.c.G.ChineseCheckersGame - Game started.
07.12.2021 20:07:52.816 INFO   c.v.r.c.G.ChineseCheckersGame - Game initialized.
07.12.2021 20:07:57.619 INFO   c.v.r.c.G.ChineseCheckersGame - 1 player's checker 37 successfully moved at position 98
07.12.2021 20:07:58.711 INFO   c.v.r.c.G.ChineseCheckersGame - Move from 9 to 67 is not possible.
07.12.2021 20:08:00.485 INFO   c.v.r.c.G.ChineseCheckersGame - Move from 9 to 67 is not possible.
07.12.2021 20:08:02.272 INFO   c.v.r.c.G.ChineseCheckersGame - Move from 9 to 67 is not possible.
07.12.2021 20:08:03.050 INFO   c.v.r.c.G.ChineseCheckersGame - 0 player's checker 8 successfully moved at position 67
07.12.2021 20:08:06.145 INFO   c.v.r.c.G.ChineseCheckersGame - 1 player's checker 36 successfully moved at position 86
07.12.2021 20:08:08.321 INFO   c.v.r.c.G.ChineseCheckersGame - 0 player's checker 6 successfully moved at position 69
07.12.2021 20:08:09.948 INFO   c.v.r.c.G.ChineseCheckersGame - Move from 39 to 97 is not possible.
07.12.2021 20:08:11.085 INFO   c.v.r.c.G.ChineseCheckersGame - Move from 39 to 97 is not possible.
07.12.2021 20:08:12.063 INFO   c.v.r.c.G.ChineseCheckersGame - Move from 39 to 97 is not possible.
07.12.2021 20:08:14.636 INFO   c.v.r.c.G.ChineseCheckersGame - Move from 39 to 97 is not possible.
07.12.2021 20:08:15.732 INFO   c.v.r.c.G.ChineseCheckersGame - Move from 39 to 97 is not possible.
07.12.2021 20:08:17.579 INFO   c.v.r.c.G.ChineseCheckersGame - 1 player's checker 38 successfully moved at position 97
07.12.2021 20:08:19.880 INFO   c.v.r.c.G.ChineseCheckersGame - 0 player's checker 67 successfully moved at position 64
07.12.2021 20:08:20.834 INFO   c.v.r.c.G.ChineseCheckersGame - 1 player's checker 98 successfully moved at position 95
07.12.2021 20:08:21.747 INFO   c.v.r.c.G.ChineseCheckersGame - 0 player's checker 64 successfully moved at position 62
07.12.2021 20:08:22.833 INFO   c.v.r.c.G.ChineseCheckersGame - 1 player's checker 97 successfully moved at position 93
07.12.2021 20:08:23.631 INFO   c.v.r.c.G.ChineseCheckersGame - 0 player's checker 62 successfully moved at position 60
07.12.2021 20:08:24.559 INFO   c.v.r.c.G.ChineseCheckersGame - 1 player's checker 95 successfully moved at position 92
07.12.2021 20:08:25.253 INFO   c.v.r.c.G.ChineseCheckersGame - 0 player's checker 60 successfully moved at position 70
07.12.2021 20:08:26.141 INFO   c.v.r.c.G.ChineseCheckersGame - 1 player's checker 92 successfully moved at position 80
07.12.2021 20:08:27.112 INFO   c.v.r.c.G.ChineseCheckersGame - Move from 70 to 92 is not possible.
07.12.2021 20:08:28.773 INFO   c.v.r.c.G.ChineseCheckersGame - 0 player's checker 70 successfully moved at position 120
07.12.2021 20:08:30.355 INFO   c.v.r.c.G.ChineseCheckersGame - 1 player's checker 86 successfully moved at position 83
07.12.2021 20:08:31.419 INFO   c.v.r.c.G.ChineseCheckersGame - Move from 69 to 113 is not possible.
07.12.2021 20:08:32.363 INFO   c.v.r.c.G.ChineseCheckersGame - Move from 69 to 113 is not possible.
07.12.2021 20:08:33.198 INFO   c.v.r.c.G.ChineseCheckersGame - Move from 69 to 113 is not possible.
07.12.2021 20:08:33.866 INFO   c.v.r.c.G.ChineseCheckersGame - Move from 69 to 113 is not possible.
07.12.2021 20:08:34.686 INFO   c.v.r.c.G.ChineseCheckersGame - Move from 69 to 113 is not possible.
07.12.2021 20:08:35.965 INFO   c.v.r.c.G.ChineseCheckersGame - Move from 69 to 113 is not possible.
07.12.2021 20:08:36.919 INFO   c.v.r.c.G.ChineseCheckersGame - Move from 69 to 113 is not possible.
07.12.2021 20:08:37.948 INFO   c.v.r.c.G.ChineseCheckersGame - Move from 69 to 113 is not possible.
07.12.2021 20:08:38.354 INFO   c.v.r.c.G.ChineseCheckersGame - Move from 69 to 113 is not possible.
07.12.2021 20:08:38.645 INFO   c.v.r.c.G.ChineseCheckersGame - Move from 69 to 113 is not possible.
07.12.2021 20:08:38.919 INFO   c.v.r.c.G.ChineseCheckersGame - Move from 69 to 113 is not possible.
07.12.2021 20:08:39.146 INFO   c.v.r.c.G.ChineseCheckersGame - Move from 69 to 113 is not possible.
07.12.2021 20:08:39.368 INFO   c.v.r.c.G.ChineseCheckersGame - Move from 69 to 113 is not possible.
07.12.2021 20:08:40.219 INFO   c.v.r.c.G.ChineseCheckersGame - 0 player's checker 7 successfully moved at position 68
07.12.2021 20:08:42.379 INFO   c.v.r.c.G.ChineseCheckersGame - 1 player's checker 80 successfully moved at position 70
07.12.2021 20:08:43.798 INFO   c.v.r.c.G.ChineseCheckersGame - 0 player's checker 68 successfully moved at position 65
07.12.2021 20:08:45.442 INFO   c.v.r.c.G.ChineseCheckersGame - 1 player's checker 83 successfully moved at position 81
07.12.2021 20:08:46.101 INFO   c.v.r.c.G.ChineseCheckersGame - 0 player's checker 120 successfully moved at position 90
07.12.2021 20:08:47.994 INFO   c.v.r.c.G.ChineseCheckersGame - 1 player's checker 93 successfully moved at position 94
07.12.2021 20:08:48.786 INFO   c.v.r.c.G.ChineseCheckersGame - 0 player's checker 90 successfully moved at position 91
07.12.2021 20:08:49.735 INFO   c.v.r.c.G.ChineseCheckersGame - 1 player's checker 94 successfully moved at position 95
07.12.2021 20:08:52.304 INFO   c.v.r.c.G.ChineseCheckersGame - Move from 69 to 62 is not possible.
07.12.2021 20:08:53.312 INFO   c.v.r.c.G.ChineseCheckersGame - Move from 69 to 62 is not possible.
07.12.2021 20:08:54.034 INFO   c.v.r.c.G.ChineseCheckersGame - 0 player's checker 65 successfully moved at position 111
07.12.2021 20:08:55.885 INFO   c.v.r.c.G.ChineseCheckersGame - Move from 95 to 82 is not possible.
07.12.2021 20:08:57.493 INFO   c.v.r.c.G.ChineseCheckersGame - 1 player's checker 70 successfully moved at position 80
07.12.2021 20:09:03.673 INFO   c.v.r.c.s.GameSerialization - File D:\Program Files\java files\chinesecheckers_att2\saves\test1.json saved
07.12.2021 20:09:03.786 INFO   c.v.r.c.F.ApplicationFrame - Game saved: test1
07.12.2021 20:09:09.229 INFO   c.v.r.c.Main - Application closed
07.12.2021 20:09:43.709 INFO   c.v.r.c.Main - Application started
07.12.2021 20:09:44.604 INFO   c.v.r.c.G.ChineseCheckersGame - Board initialized
07.12.2021 20:09:44.605 INFO   c.v.r.c.G.ChineseCheckersGame - Game started.
07.12.2021 20:09:44.605 INFO   c.v.r.c.G.ChineseCheckersGame - Game initialized.
07.12.2021 20:09:53.882 INFO   c.v.r.c.F.ApplicationFrame - Game deserialized
07.12.2021 20:09:55.876 INFO   c.v.r.c.G.ChineseCheckersGame - Move is not possible. 80 is not current player's checker
07.12.2021 20:09:57.076 INFO   c.v.r.c.G.ChineseCheckersGame - Move is not possible. 80 is not current player's checker
07.12.2021 20:09:57.921 INFO   c.v.r.c.G.ChineseCheckersGame - Move from 111 to 110 is not possible.
07.12.2021 20:09:58.546 INFO   c.v.r.c.G.ChineseCheckersGame - Move from 111 to 110 is not possible.
07.12.2021 20:10:00.171 INFO   c.v.r.c.G.ChineseCheckersGame - Move from 91 to 90 is not possible.
07.12.2021 20:10:05.864 INFO   c.v.r.c.Main - Application closed
07.12.2021 20:17:24.775 INFO   c.v.r.c.Main - Application started
07.12.2021 20:17:26.426 INFO   c.v.r.c.G.ChineseCheckersGame - Board initialized
07.12.2021 20:17:26.442 INFO   c.v.r.c.G.ChineseCheckersGame - Game started.
07.12.2021 20:17:26.442 INFO   c.v.r.c.G.ChineseCheckersGame - Game initialized.
07.12.2021 20:22:44.593 INFO   c.v.r.c.F.ApplicationFrame - Game deserialized
07.12.2021 20:23:42.065 INFO   c.v.r.c.Main - Application closed
07.12.2021 20:24:36.472 INFO   c.v.r.c.Main - Application started
07.12.2021 20:24:37.656 INFO   c.v.r.c.G.ChineseCheckersGame - Board initialized
07.12.2021 20:24:37.657 INFO   c.v.r.c.G.ChineseCheckersGame - Game started.
07.12.2021 20:24:37.657 INFO   c.v.r.c.G.ChineseCheckersGame - Game initialized.
07.12.2021 20:24:42.119 INFO   c.v.r.c.G.ChineseCheckersGame - 1 player's checker 38 successfully moved at position 97
07.12.2021 20:24:43.085 INFO   c.v.r.c.G.ChineseCheckersGame - 0 player's checker 8 successfully moved at position 68
07.12.2021 20:24:45.618 INFO   c.v.r.c.G.ChineseCheckersGame - 1 player's checker 36 successfully moved at position 86
07.12.2021 20:24:46.954 INFO   c.v.r.c.G.ChineseCheckersGame - 0 player's checker 9 successfully moved at position 66
07.12.2021 20:24:48.395 INFO   c.v.r.c.G.ChineseCheckersGame - 1 player's checker 39 successfully moved at position 96
07.12.2021 20:24:49.558 INFO   c.v.r.c.G.ChineseCheckersGame - 0 player's checker 6 successfully moved at position 69
07.12.2021 20:24:50.741 INFO   c.v.r.c.G.ChineseCheckersGame - Move is not possible. 68 is not current player's checker
07.12.2021 20:24:51.869 INFO   c.v.r.c.G.ChineseCheckersGame - 1 player's checker 97 successfully moved at position 94
07.12.2021 20:25:35.211 INFO   c.v.r.c.s.GameSerialization - File D:\Program Files\java files\chinesecheckers_att2\saves\testsave.json saved
07.12.2021 20:27:03.920 INFO   c.v.r.c.F.ApplicationFrame - Game saved: testsave
07.12.2021 20:30:57.499 INFO   c.v.r.c.Main - Application started
07.12.2021 20:30:58.489 INFO   c.v.r.c.G.ChineseCheckersGame - Board initialized
07.12.2021 20:30:58.490 INFO   c.v.r.c.G.ChineseCheckersGame - Game started.
07.12.2021 20:30:58.490 INFO   c.v.r.c.G.ChineseCheckersGame - Game initialized.
07.12.2021 20:31:01.208 INFO   c.v.r.c.G.ChineseCheckersGame - 1 player's checker 37 successfully moved at position 98
07.12.2021 20:31:02.266 INFO   c.v.r.c.G.ChineseCheckersGame - 0 player's checker 8 successfully moved at position 68
07.12.2021 20:31:03.680 INFO   c.v.r.c.G.ChineseCheckersGame - Move is not possible. 7 is not current player's checker
07.12.2021 20:31:04.872 INFO   c.v.r.c.G.ChineseCheckersGame - 1 player's checker 36 successfully moved at position 99
07.12.2021 20:31:05.883 INFO   c.v.r.c.G.ChineseCheckersGame - 0 player's checker 7 successfully moved at position 69
07.12.2021 20:31:06.802 INFO   c.v.r.c.G.ChineseCheckersGame - 1 player's checker 39 successfully moved at position 96
07.12.2021 20:31:07.809 INFO   c.v.r.c.G.ChineseCheckersGame - 0 player's checker 6 successfully moved at position 116
07.12.2021 20:31:17.637 INFO   c.v.r.c.s.GameSerialization - File D:\Program Files\java files\chinesecheckers_att2\saves\testx.json saved
07.12.2021 20:31:17.740 INFO   c.v.r.c.F.ApplicationFrame - Game saved: testx
07.12.2021 20:31:19.459 INFO   c.v.r.c.Main - Application closed
07.12.2021 20:31:37.252 INFO   c.v.r.c.Main - Application started
07.12.2021 20:31:38.044 INFO   c.v.r.c.G.ChineseCheckersGame - Board initialized
07.12.2021 20:31:38.044 INFO   c.v.r.c.G.ChineseCheckersGame - Game started.
07.12.2021 20:31:38.044 INFO   c.v.r.c.G.ChineseCheckersGame - Game initialized.
07.12.2021 20:31:49.512 INFO   c.v.r.c.F.ApplicationFrame - Game deserialized
07.12.2021 20:31:51.106 INFO   c.v.r.c.G.ChineseCheckersGame - Move from 99 to 83 is not possible.
07.12.2021 20:31:51.995 INFO   c.v.r.c.G.ChineseCheckersGame - Move is not possible. 68 is not current player's checker
07.12.2021 20:31:53.053 INFO   c.v.r.c.G.ChineseCheckersGame - Move is not possible. 68 is not current player's checker
07.12.2021 20:31:54.116 INFO   c.v.r.c.G.ChineseCheckersGame - Move from 99 to 83 is not possible.
07.12.2021 20:31:55.549 INFO   c.v.r.c.G.ChineseCheckersGame - Move is not possible. 68 is not current player's checker
07.12.2021 20:31:56.376 INFO   c.v.r.c.G.ChineseCheckersGame - Move is not possible. 69 is not current player's checker
07.12.2021 20:31:57.447 INFO   c.v.r.c.G.ChineseCheckersGame - Move is not possible. 116 is not current player's checker
07.12.2021 20:31:59.271 INFO   c.v.r.c.G.ChineseCheckersGame - 1 player's checker 96 successfully moved at position 93
07.12.2021 20:32:00.907 INFO   c.v.r.c.G.ChineseCheckersGame - 0 player's checker 116 successfully moved at position 113
07.12.2021 20:32:02.503 INFO   c.v.r.c.G.ChineseCheckersGame - 1 player's checker 99 successfully moved at position 95
07.12.2021 20:32:03.661 INFO   c.v.r.c.G.ChineseCheckersGame - 0 player's checker 68 successfully moved at position 64
07.12.2021 20:32:05.929 INFO   c.v.r.c.Main - Application closed
